<?xml version="1.0" encoding="UTF-8"?>
<testng-results ignored="0" total="2" passed="2" failed="0" skipped="0">
  <reporter-output>
  </reporter-output>
  <suite started-at="2023-09-19T19:39:29Z" name="Suite" finished-at="2023-09-19T19:39:40Z" duration-ms="11282">
    <groups>
    </groups>
    <test started-at="2023-09-19T19:39:29Z" name="Test" finished-at="2023-09-19T19:39:40Z" duration-ms="11282">
      <class name="maven.Testclass">
        <test-method is-config="true" signature="setup()[pri:0, instance:maven.Testclass@76b1e9b8]" started-at="2023-09-19T19:39:29Z" name="setup" finished-at="2023-09-19T19:39:33Z" duration-ms="4790" status="PASS">
          <reporter-output>
          </reporter-output>
        </test-method> <!-- setup -->
        <test-method signature="testlogin()[pri:0, instance:maven.Testclass@76b1e9b8]" started-at="2023-09-19T19:39:33Z" name="testlogin" finished-at="2023-09-19T19:39:35Z" duration-ms="1170" status="PASS">
          <reporter-output>
          </reporter-output>
        </test-method> <!-- testlogin -->
        <test-method signature="testlabel()[pri:1, instance:maven.Testclass@76b1e9b8]" started-at="2023-09-19T19:39:35Z" name="testlabel" finished-at="2023-09-19T19:39:40Z" duration-ms="5025" status="PASS">
          <reporter-output>
          </reporter-output>
        </test-method> <!-- testlabel -->
        <test-method is-config="true" signature="teardown()[pri:0, instance:maven.Testclass@76b1e9b8]" started-at="2023-09-19T19:39:40Z" name="teardown" finished-at="2023-09-19T19:39:40Z" duration-ms="271" status="PASS">
          <reporter-output>
          </reporter-output>
        </test-method> <!-- teardown -->
      </class> <!-- maven.Testclass -->
    </test> <!-- Test -->
  </suite> <!-- Suite -->
</testng-results>
