<?xml version="1.0" encoding="UTF-8"?>
<testng-results ignored="0" total="2" passed="2" failed="0" skipped="0">
  <reporter-output>
  </reporter-output>
  <suite started-at="2023-09-24T17:44:32Z" name="Suite" finished-at="2023-09-24T17:44:46Z" duration-ms="14184">
    <groups>
    </groups>
    <test started-at="2023-09-24T17:44:32Z" name="Test" finished-at="2023-09-24T17:44:46Z" duration-ms="14184">
      <class name="maven.Testclass">
        <test-method is-config="true" signature="setUp()[pri:0, instance:maven.Testclass@7ef82753]" started-at="2023-09-24T17:44:32Z" name="setUp" finished-at="2023-09-24T17:44:32Z" duration-ms="282" status="PASS">
          <reporter-output>
          </reporter-output>
        </test-method> <!-- setUp -->
        <test-method is-config="true" signature="setup()[pri:0, instance:maven.Testclass@7ef82753]" started-at="2023-09-24T17:44:32Z" name="setup" finished-at="2023-09-24T17:44:40Z" duration-ms="7772" status="PASS">
          <reporter-output>
          </reporter-output>
        </test-method> <!-- setup -->
        <test-method signature="testlogin()[pri:0, instance:maven.Testclass@7ef82753]" started-at="2023-09-24T17:44:40Z" name="testlogin" finished-at="2023-09-24T17:44:41Z" duration-ms="898" status="PASS">
          <reporter-output>
          </reporter-output>
        </test-method> <!-- testlogin -->
        <test-method signature="testlabel()[pri:1, instance:maven.Testclass@7ef82753]" started-at="2023-09-24T17:44:41Z" name="testlabel" finished-at="2023-09-24T17:44:46Z" duration-ms="5043" status="PASS">
          <reporter-output>
          </reporter-output>
        </test-method> <!-- testlabel -->
        <test-method is-config="true" signature="teardown()[pri:0, instance:maven.Testclass@7ef82753]" started-at="2023-09-24T17:44:46Z" name="teardown" finished-at="2023-09-24T17:44:46Z" duration-ms="466" status="PASS">
          <reporter-output>
          </reporter-output>
        </test-method> <!-- teardown -->
      </class> <!-- maven.Testclass -->
    </test> <!-- Test -->
  </suite> <!-- Suite -->
</testng-results>
