<?xml version="1.0" encoding="UTF-8"?>
<testng-results ignored="0" total="2" passed="2" failed="0" skipped="0">
  <reporter-output>
  </reporter-output>
  <suite started-at="2023-09-23T13:33:19Z" name="Suite" finished-at="2023-09-23T13:33:36Z" duration-ms="17542">
    <groups>
    </groups>
    <test started-at="2023-09-23T13:33:19Z" name="Test" finished-at="2023-09-23T13:33:36Z" duration-ms="17542">
      <class name="maven.Testclass">
        <test-method is-config="true" signature="setup()[pri:0, instance:maven.Testclass@5b367418]" started-at="2023-09-23T13:33:19Z" name="setup" finished-at="2023-09-23T13:33:30Z" duration-ms="11475" status="PASS">
          <reporter-output>
          </reporter-output>
        </test-method> <!-- setup -->
        <test-method signature="testlogin()[pri:0, instance:maven.Testclass@5b367418]" started-at="2023-09-23T13:33:30Z" name="testlogin" finished-at="2023-09-23T13:33:31Z" duration-ms="884" status="PASS">
          <reporter-output>
          </reporter-output>
        </test-method> <!-- testlogin -->
        <test-method signature="testlabel()[pri:1, instance:maven.Testclass@5b367418]" started-at="2023-09-23T13:33:31Z" name="testlabel" finished-at="2023-09-23T13:33:36Z" duration-ms="5056" status="PASS">
          <reporter-output>
          </reporter-output>
        </test-method> <!-- testlabel -->
        <test-method is-config="true" signature="teardown()[pri:0, instance:maven.Testclass@5b367418]" started-at="2023-09-23T13:33:36Z" name="teardown" finished-at="2023-09-23T13:33:36Z" duration-ms="106" status="PASS">
          <reporter-output>
          </reporter-output>
        </test-method> <!-- teardown -->
      </class> <!-- maven.Testclass -->
    </test> <!-- Test -->
  </suite> <!-- Suite -->
</testng-results>
