<?xml version="1.0" encoding="UTF-8"?>
<testng-results ignored="0" total="2" passed="2" failed="0" skipped="0">
  <reporter-output>
  </reporter-output>
  <suite started-at="2023-09-19T19:29:16Z" name="Suite" finished-at="2023-09-19T19:29:27Z" duration-ms="10756">
    <groups>
    </groups>
    <test started-at="2023-09-19T19:29:16Z" name="Test" finished-at="2023-09-19T19:29:27Z" duration-ms="10756">
      <class name="maven.Testclass">
        <test-method is-config="true" signature="setup()[pri:0, instance:maven.Testclass@5b367418]" started-at="2023-09-19T19:29:16Z" name="setup" finished-at="2023-09-19T19:29:20Z" duration-ms="4383" status="PASS">
          <reporter-output>
          </reporter-output>
        </test-method> <!-- setup -->
        <test-method signature="testlogin()[pri:0, instance:maven.Testclass@5b367418]" started-at="2023-09-19T19:29:20Z" name="testlogin" finished-at="2023-09-19T19:29:21Z" duration-ms="1033" status="PASS">
          <reporter-output>
          </reporter-output>
        </test-method> <!-- testlogin -->
        <test-method signature="testlabel()[pri:1, instance:maven.Testclass@5b367418]" started-at="2023-09-19T19:29:21Z" name="testlabel" finished-at="2023-09-19T19:29:26Z" duration-ms="5057" status="PASS">
          <reporter-output>
          </reporter-output>
        </test-method> <!-- testlabel -->
        <test-method is-config="true" signature="teardown()[pri:0, instance:maven.Testclass@5b367418]" started-at="2023-09-19T19:29:26Z" name="teardown" finished-at="2023-09-19T19:29:27Z" duration-ms="256" status="PASS">
          <reporter-output>
          </reporter-output>
        </test-method> <!-- teardown -->
      </class> <!-- maven.Testclass -->
    </test> <!-- Test -->
  </suite> <!-- Suite -->
</testng-results>
